<?xml version="1.0" encoding="UTF-8"?>
<testsuite xmlns:xsi="http://www.w3.org/2001/XMLSchema-instance" xsi:noNamespaceSchemaLocation="https://maven.apache.org/surefire/maven-surefire-plugin/xsd/surefire-test-report.xsd" name="runner.TestRunner" time="153.866" tests="1" errors="0" skipped="0" failures="0">
  <properties>
    <property name="sun.desktop" value="gnome"/>
    <property name="awt.toolkit" value="sun.awt.X11.XToolkit"/>
    <property name="file.encoding.pkg" value="sun.io"/>
    <property name="java.specification.version" value="1.8"/>
    <property name="sun.cpu.isalist" value=""/>
    <property name="sun.jnu.encoding" value="UTF-8"/>
    <property name="java.class.path" value="/home/admin12/ATT_QE-master/target/test-classes:/home/admin12/ATT_QE-master/target/classes:/home/admin12/.m2/repository/commons-io/commons-io/1.3.2/commons-io-1.3.2.jar:/home/admin12/.m2/repository/org/apache/commons/commons-compress/1.19/commons-compress-1.19.jar:/home/admin12/.m2/repository/com/typesafe/config/1.3.0/config-1.3.0.jar:/home/admin12/.m2/repository/org/rauschig/jarchivelib/0.7.0/jarchivelib-0.7.0.jar:/home/admin12/.m2/repository/org/jsoup/jsoup/1.9.1/jsoup-1.9.1.jar:/home/admin12/.m2/repository/org/aeonbits/owner/owner/1.0.4/owner-1.0.4.jar:/home/admin12/.m2/repository/org/testng/testng/6.14.3/testng-6.14.3.jar:/home/admin12/.m2/repository/com/beust/jcommander/1.72/jcommander-1.72.jar:/home/admin12/.m2/repository/org/apache-extras/beanshell/bsh/2.0b6/bsh-2.0b6.jar:/home/admin12/.m2/repository/org/seleniumhq/selenium/selenium-server/3.141.59/selenium-server-3.141.59.jar:/home/admin12/.m2/repository/org/seleniumhq/selenium/selenium-api/3.141.59/selenium-api-3.141.59.jar:/home/admin12/.m2/repository/org/seleniumhq/selenium/selenium-edge-driver/3.141.59/selenium-edge-driver-3.141.59.jar:/home/admin12/.m2/repository/org/seleniumhq/selenium/selenium-firefox-driver/3.141.59/selenium-firefox-driver-3.141.59.jar:/home/admin12/.m2/repository/org/seleniumhq/selenium/selenium-ie-driver/3.141.59/selenium-ie-driver-3.141.59.jar:/home/admin12/.m2/repository/org/seleniumhq/selenium/selenium-opera-driver/3.141.59/selenium-opera-driver-3.141.59.jar:/home/admin12/.m2/repository/org/seleniumhq/selenium/selenium-remote-driver/3.141.59/selenium-remote-driver-3.141.59.jar:/home/admin12/.m2/repository/org/seleniumhq/selenium/selenium-safari-driver/3.141.59/selenium-safari-driver-3.141.59.jar:/home/admin12/.m2/repository/org/seleniumhq/selenium/selenium-support/3.141.59/selenium-support-3.141.59.jar:/home/admin12/.m2/repository/net/bytebuddy/byte-buddy/1.8.15/byte-buddy-1.8.15.jar:/home/admin12/.m2/repository/org/apache/commons/commons-exec/1.3/commons-exec-1.3.jar:/home/admin12/.m2/repository/net/jcip/jcip-annotations/1.0/jcip-annotations-1.0.jar:/home/admin12/.m2/repository/org/seleniumhq/selenium/jetty-repacked/9.4.12.v20180830/jetty-repacked-9.4.12.v20180830.jar:/home/admin12/.m2/repository/com/squareup/okhttp3/okhttp/3.11.0/okhttp-3.11.0.jar:/home/admin12/.m2/repository/com/squareup/okio/okio/1.14.0/okio-1.14.0.jar:/home/admin12/.m2/repository/javax/servlet/javax.servlet-api/3.1.0/javax.servlet-api-3.1.0.jar:/home/admin12/.m2/repository/org/yaml/snakeyaml/1.19/snakeyaml-1.19.jar:/home/admin12/.m2/repository/org/seleniumhq/selenium/selenium-java/3.141.59/selenium-java-3.141.59.jar:/home/admin12/.m2/repository/io/cucumber/gherkin/14.0.1/gherkin-14.0.1.jar:/home/admin12/.m2/repository/io/cucumber/messages/12.2.0/messages-12.2.0.jar:/home/admin12/.m2/repository/io/cucumber/cucumber-core/6.2.2/cucumber-core-6.2.2.jar:/home/admin12/.m2/repository/io/cucumber/cucumber-gherkin/6.2.2/cucumber-gherkin-6.2.2.jar:/home/admin12/.m2/repository/io/cucumber/cucumber-gherkin-messages/6.2.2/cucumber-gherkin-messages-6.2.2.jar:/home/admin12/.m2/repository/io/cucumber/tag-expressions/3.0.0/tag-expressions-3.0.0.jar:/home/admin12/.m2/repository/io/cucumber/cucumber-expressions/10.2.1/cucumber-expressions-10.2.1.jar:/home/admin12/.m2/repository/io/cucumber/datatable/3.3.1/datatable-3.3.1.jar:/home/admin12/.m2/repository/io/cucumber/cucumber-plugin/6.2.2/cucumber-plugin-6.2.2.jar:/home/admin12/.m2/repository/io/cucumber/docstring/6.2.2/docstring-6.2.2.jar:/home/admin12/.m2/repository/io/cucumber/html-formatter/7.0.0/html-formatter-7.0.0.jar:/home/admin12/.m2/repository/org/apiguardian/apiguardian-api/1.1.0/apiguardian-api-1.1.0.jar:/home/admin12/.m2/repository/io/cucumber/cucumber-java/6.2.2/cucumber-java-6.2.2.jar:/home/admin12/.m2/repository/io/cucumber/cucumber-picocontainer/6.2.2/cucumber-picocontainer-6.2.2.jar:/home/admin12/.m2/repository/org/picocontainer/picocontainer/2.15/picocontainer-2.15.jar:/home/admin12/.m2/repository/io/cucumber/cucumber-testng/6.2.2/cucumber-testng-6.2.2.jar:/home/admin12/.m2/repository/tech/grasshopper/extentreports-cucumber6-adapter/1.2.0/extentreports-cucumber6-adapter-1.2.0.jar:/home/admin12/.m2/repository/com/aventstack/extentreports/4.1.7/extentreports-4.1.7.jar:/home/admin12/.m2/repository/org/apache/httpcomponents/httpmime/4.5.2/httpmime-4.5.2.jar:/home/admin12/.m2/repository/org/mongodb/bson/3.12.0/bson-3.12.0.jar:/home/admin12/.m2/repository/org/mongodb/mongodb-driver/3.3.0/mongodb-driver-3.3.0.jar:/home/admin12/.m2/repository/org/mongodb/mongodb-driver-core/3.3.0/mongodb-driver-core-3.3.0.jar:/home/admin12/.m2/repository/org/seleniumhq/selenium/selenium-chrome-driver/3.141.5/selenium-chrome-driver-3.141.5.jar:/home/admin12/.m2/repository/org/apache/logging/log4j/log4j-api/2.11.1/log4j-api-2.11.1.jar:/home/admin12/.m2/repository/org/apache/logging/log4j/log4j-core/2.11.1/log4j-core-2.11.1.jar:/home/admin12/.m2/repository/log4j/log4j/1.2.16/log4j-1.2.16.jar:/home/admin12/.m2/repository/log4j/apache-log4j-extras/1.2.17/apache-log4j-extras-1.2.17.jar:/home/admin12/.m2/repository/com/google/code/gson/gson/2.8.6/gson-2.8.6.jar:/home/admin12/.m2/repository/com/googlecode/json-simple/json-simple/1.1.1/json-simple-1.1.1.jar:/home/admin12/.m2/repository/junit/junit/4.10/junit-4.10.jar:/home/admin12/.m2/repository/org/hamcrest/hamcrest-core/1.1/hamcrest-core-1.1.jar:/home/admin12/.m2/repository/org/apache/poi/poi/4.0.1/poi-4.0.1.jar:/home/admin12/.m2/repository/commons-codec/commons-codec/1.11/commons-codec-1.11.jar:/home/admin12/.m2/repository/org/apache/commons/commons-collections4/4.2/commons-collections4-4.2.jar:/home/admin12/.m2/repository/org/apache/commons/commons-math3/3.6.1/commons-math3-3.6.1.jar:/home/admin12/.m2/repository/org/apache/poi/poi-ooxml/4.0.1/poi-ooxml-4.0.1.jar:/home/admin12/.m2/repository/org/apache/poi/poi-ooxml-schemas/4.0.1/poi-ooxml-schemas-4.0.1.jar:/home/admin12/.m2/repository/org/apache/xmlbeans/xmlbeans/3.0.2/xmlbeans-3.0.2.jar:/home/admin12/.m2/repository/com/github/virtuald/curvesapi/1.05/curvesapi-1.05.jar:/home/admin12/.m2/repository/javax/activation/activation/1.1.1/activation-1.1.1.jar:/home/admin12/.m2/repository/com/twilio/sdk/twilio/7.30.0/twilio-7.30.0.jar:/home/admin12/.m2/repository/joda-time/joda-time/2.5/joda-time-2.5.jar:/home/admin12/.m2/repository/io/jsonwebtoken/jjwt/0.4/jjwt-0.4.jar:/home/admin12/.m2/repository/org/slf4j/slf4j-api/1.7.6/slf4j-api-1.7.6.jar:/home/admin12/.m2/repository/org/apache/httpcomponents/httpclient/4.5.2/httpclient-4.5.2.jar:/home/admin12/.m2/repository/org/apache/httpcomponents/httpcore/4.4.4/httpcore-4.4.4.jar:/home/admin12/.m2/repository/com/fasterxml/jackson/core/jackson-core/2.8.11/jackson-core-2.8.11.jar:/home/admin12/.m2/repository/com/fasterxml/jackson/core/jackson-annotations/2.8.11/jackson-annotations-2.8.11.jar:/home/admin12/.m2/repository/com/fasterxml/jackson/core/jackson-databind/2.8.11/jackson-databind-2.8.11.jar:/home/admin12/.m2/repository/javax/xml/bind/jaxb-api/2.2/jaxb-api-2.2.jar:/home/admin12/.m2/repository/javax/xml/stream/stax-api/1.0-2/stax-api-1.0-2.jar:/home/admin12/.m2/repository/ru/yandex/qatools/ashot/ashot/1.4.6/ashot-1.4.6.jar:/home/admin12/.m2/repository/org/hamcrest/hamcrest-all/1.3/hamcrest-all-1.3.jar:/home/admin12/.m2/repository/net/sourceforge/tess4j/tess4j/4.1.1/tess4j-4.1.1.jar:/home/admin12/.m2/repository/net/java/dev/jna/jna/4.1.0/jna-4.1.0.jar:/home/admin12/.m2/repository/com/github/jai-imageio/jai-imageio-core/1.4.0/jai-imageio-core-1.4.0.jar:/home/admin12/.m2/repository/org/ghost4j/ghost4j/1.0.1/ghost4j-1.0.1.jar:/home/admin12/.m2/repository/commons-beanutils/commons-beanutils/1.9.2/commons-beanutils-1.9.2.jar:/home/admin12/.m2/repository/org/apache/xmlgraphics/xmlgraphics-commons/1.4/xmlgraphics-commons-1.4.jar:/home/admin12/.m2/repository/com/lowagie/itext/2.1.7/itext-2.1.7.jar:/home/admin12/.m2/repository/org/apache/pdfbox/pdfbox/2.0.11/pdfbox-2.0.11.jar:/home/admin12/.m2/repository/org/apache/pdfbox/fontbox/2.0.11/fontbox-2.0.11.jar:/home/admin12/.m2/repository/org/apache/pdfbox/pdfbox-tools/2.0.11/pdfbox-tools-2.0.11.jar:/home/admin12/.m2/repository/org/apache/pdfbox/pdfbox-debugger/2.0.11/pdfbox-debugger-2.0.11.jar:/home/admin12/.m2/repository/org/apache/pdfbox/jbig2-imageio/3.0.1/jbig2-imageio-3.0.1.jar:/home/admin12/.m2/repository/net/sourceforge/lept4j/lept4j/1.10.0/lept4j-1.10.0.jar:/home/admin12/.m2/repository/org/jboss/jboss-vfs/3.2.12.Final/jboss-vfs-3.2.12.Final.jar:/home/admin12/.m2/repository/org/jboss/logging/jboss-logging/3.1.4.GA/jboss-logging-3.1.4.GA.jar:/home/admin12/.m2/repository/ch/qos/logback/logback-classic/1.2.3/logback-classic-1.2.3.jar:/home/admin12/.m2/repository/ch/qos/logback/logback-core/1.2.3/logback-core-1.2.3.jar:/home/admin12/.m2/repository/org/slf4j/jul-to-slf4j/1.7.25/jul-to-slf4j-1.7.25.jar:/home/admin12/.m2/repository/org/slf4j/jcl-over-slf4j/1.7.25/jcl-over-slf4j-1.7.25.jar:/home/admin12/.m2/repository/org/slf4j/log4j-over-slf4j/1.7.25/log4j-over-slf4j-1.7.25.jar:/home/admin12/.m2/repository/javax/mail/mail/1.4.7/mail-1.4.7.jar:/home/admin12/.m2/repository/com/googlecode/ez-vcard/ez-vcard/0.10.5/ez-vcard-0.10.5.jar:/home/admin12/.m2/repository/com/github/mangstadt/vinnie/2.0.2/vinnie-2.0.2.jar:/home/admin12/.m2/repository/xml-apis/xml-apis/1.4.01/xml-apis-1.4.01.jar:/home/admin12/.m2/repository/com/google/guava/guava/23.0/guava-23.0.jar:/home/admin12/.m2/repository/com/google/code/findbugs/jsr305/1.3.9/jsr305-1.3.9.jar:/home/admin12/.m2/repository/com/google/errorprone/error_prone_annotations/2.0.18/error_prone_annotations-2.0.18.jar:/home/admin12/.m2/repository/com/google/j2objc/j2objc-annotations/1.1/j2objc-annotations-1.1.jar:/home/admin12/.m2/repository/org/codehaus/mojo/animal-sniffer-annotations/1.14/animal-sniffer-annotations-1.14.jar:/home/admin12/.m2/repository/io/appium/java-client/6.1.0/java-client-6.1.0.jar:/home/admin12/.m2/repository/cglib/cglib/3.2.6/cglib-3.2.6.jar:/home/admin12/.m2/repository/org/ow2/asm/asm/6.0/asm-6.0.jar:/home/admin12/.m2/repository/org/apache/ant/ant/1.9.6/ant-1.9.6.jar:/home/admin12/.m2/repository/org/apache/ant/ant-launcher/1.9.6/ant-launcher-1.9.6.jar:/home/admin12/.m2/repository/commons-validator/commons-validator/1.6/commons-validator-1.6.jar:/home/admin12/.m2/repository/commons-digester/commons-digester/1.8.1/commons-digester-1.8.1.jar:/home/admin12/.m2/repository/commons-collections/commons-collections/3.2.2/commons-collections-3.2.2.jar:/home/admin12/.m2/repository/org/apache/commons/commons-lang3/3.7/commons-lang3-3.7.jar:/home/admin12/.m2/repository/org/springframework/spring-context/5.0.5.RELEASE/spring-context-5.0.5.RELEASE.jar:/home/admin12/.m2/repository/org/springframework/spring-aop/5.0.5.RELEASE/spring-aop-5.0.5.RELEASE.jar:/home/admin12/.m2/repository/org/springframework/spring-beans/5.0.5.RELEASE/spring-beans-5.0.5.RELEASE.jar:/home/admin12/.m2/repository/org/springframework/spring-core/5.0.5.RELEASE/spring-core-5.0.5.RELEASE.jar:/home/admin12/.m2/repository/org/springframework/spring-jcl/5.0.5.RELEASE/spring-jcl-5.0.5.RELEASE.jar:/home/admin12/.m2/repository/org/springframework/spring-expression/5.0.5.RELEASE/spring-expression-5.0.5.RELEASE.jar:/home/admin12/.m2/repository/org/aspectj/aspectjweaver/1.9.1/aspectjweaver-1.9.1.jar:/home/admin12/.m2/repository/org/openpnp/opencv/3.2.0-1/opencv-3.2.0-1.jar:/home/admin12/.m2/repository/com/google/android/android/4.0.1.2/android-4.0.1.2.jar:/home/admin12/.m2/repository/commons-logging/commons-logging/1.1.1/commons-logging-1.1.1.jar:/home/admin12/.m2/repository/org/khronos/opengl-api/gl1.1-android-2.1_r1/opengl-api-gl1.1-android-2.1_r1.jar:/home/admin12/.m2/repository/xerces/xmlParserAPIs/2.6.2/xmlParserAPIs-2.6.2.jar:/home/admin12/.m2/repository/xpp3/xpp3/1.1.4c/xpp3-1.1.4c.jar:/home/admin12/.m2/repository/org/json/json/20080701/json-20080701.jar:/home/admin12/.m2/repository/org/freemarker/freemarker/2.3.29/freemarker-2.3.29.jar:/home/admin12/.m2/repository/org/apache/maven/surefire/surefire-testng-utils/2.22.0/surefire-testng-utils-2.22.0.jar:/home/admin12/.m2/repository/org/apache/maven/surefire/surefire-grouper/2.22.0/surefire-grouper-2.22.0.jar:"/>
    <property name="java.vm.vendor" value="Private Build"/>
    <property name="sun.arch.data.model" value="64"/>
    <property name="java.vendor.url" value="http://java.oracle.com/"/>
    <property name="user.timezone" value=""/>
    <property name="java.vm.specification.version" value="1.8"/>
    <property name="os.name" value="Linux"/>
    <property name="user.country" value="IN"/>
    <property name="sun.java.launcher" value="SUN_STANDARD"/>
    <property name="sun.boot.library.path" value="/usr/lib/jvm/java-8-openjdk-amd64/jre/lib/amd64"/>
    <property name="sun.java.command" value="/home/admin12/ATT_QE-master/target/surefire/surefirebooter8683833653195718577.jar /home/admin12/ATT_QE-master/target/surefire 2020-11-19T15-15-52_832-jvmRun1 surefire6944813856470883710tmp surefire_02076261264601228686tmp"/>
    <property name="surefire.test.class.path" value="/home/admin12/ATT_QE-master/target/test-classes:/home/admin12/ATT_QE-master/target/classes:/home/admin12/.m2/repository/commons-io/commons-io/1.3.2/commons-io-1.3.2.jar:/home/admin12/.m2/repository/org/apache/commons/commons-compress/1.19/commons-compress-1.19.jar:/home/admin12/.m2/repository/com/typesafe/config/1.3.0/config-1.3.0.jar:/home/admin12/.m2/repository/org/rauschig/jarchivelib/0.7.0/jarchivelib-0.7.0.jar:/home/admin12/.m2/repository/org/jsoup/jsoup/1.9.1/jsoup-1.9.1.jar:/home/admin12/.m2/repository/org/aeonbits/owner/owner/1.0.4/owner-1.0.4.jar:/home/admin12/.m2/repository/org/testng/testng/6.14.3/testng-6.14.3.jar:/home/admin12/.m2/repository/com/beust/jcommander/1.72/jcommander-1.72.jar:/home/admin12/.m2/repository/org/apache-extras/beanshell/bsh/2.0b6/bsh-2.0b6.jar:/home/admin12/.m2/repository/org/seleniumhq/selenium/selenium-server/3.141.59/selenium-server-3.141.59.jar:/home/admin12/.m2/repository/org/seleniumhq/selenium/selenium-api/3.141.59/selenium-api-3.141.59.jar:/home/admin12/.m2/repository/org/seleniumhq/selenium/selenium-edge-driver/3.141.59/selenium-edge-driver-3.141.59.jar:/home/admin12/.m2/repository/org/seleniumhq/selenium/selenium-firefox-driver/3.141.59/selenium-firefox-driver-3.141.59.jar:/home/admin12/.m2/repository/org/seleniumhq/selenium/selenium-ie-driver/3.141.59/selenium-ie-driver-3.141.59.jar:/home/admin12/.m2/repository/org/seleniumhq/selenium/selenium-opera-driver/3.141.59/selenium-opera-driver-3.141.59.jar:/home/admin12/.m2/repository/org/seleniumhq/selenium/selenium-remote-driver/3.141.59/selenium-remote-driver-3.141.59.jar:/home/admin12/.m2/repository/org/seleniumhq/selenium/selenium-safari-driver/3.141.59/selenium-safari-driver-3.141.59.jar:/home/admin12/.m2/repository/org/seleniumhq/selenium/selenium-support/3.141.59/selenium-support-3.141.59.jar:/home/admin12/.m2/repository/net/bytebuddy/byte-buddy/1.8.15/byte-buddy-1.8.15.jar:/home/admin12/.m2/repository/org/apache/commons/commons-exec/1.3/commons-exec-1.3.jar:/home/admin12/.m2/repository/net/jcip/jcip-annotations/1.0/jcip-annotations-1.0.jar:/home/admin12/.m2/repository/org/seleniumhq/selenium/jetty-repacked/9.4.12.v20180830/jetty-repacked-9.4.12.v20180830.jar:/home/admin12/.m2/repository/com/squareup/okhttp3/okhttp/3.11.0/okhttp-3.11.0.jar:/home/admin12/.m2/repository/com/squareup/okio/okio/1.14.0/okio-1.14.0.jar:/home/admin12/.m2/repository/javax/servlet/javax.servlet-api/3.1.0/javax.servlet-api-3.1.0.jar:/home/admin12/.m2/repository/org/yaml/snakeyaml/1.19/snakeyaml-1.19.jar:/home/admin12/.m2/repository/org/seleniumhq/selenium/selenium-java/3.141.59/selenium-java-3.141.59.jar:/home/admin12/.m2/repository/io/cucumber/gherkin/14.0.1/gherkin-14.0.1.jar:/home/admin12/.m2/repository/io/cucumber/messages/12.2.0/messages-12.2.0.jar:/home/admin12/.m2/repository/io/cucumber/cucumber-core/6.2.2/cucumber-core-6.2.2.jar:/home/admin12/.m2/repository/io/cucumber/cucumber-gherkin/6.2.2/cucumber-gherkin-6.2.2.jar:/home/admin12/.m2/repository/io/cucumber/cucumber-gherkin-messages/6.2.2/cucumber-gherkin-messages-6.2.2.jar:/home/admin12/.m2/repository/io/cucumber/tag-expressions/3.0.0/tag-expressions-3.0.0.jar:/home/admin12/.m2/repository/io/cucumber/cucumber-expressions/10.2.1/cucumber-expressions-10.2.1.jar:/home/admin12/.m2/repository/io/cucumber/datatable/3.3.1/datatable-3.3.1.jar:/home/admin12/.m2/repository/io/cucumber/cucumber-plugin/6.2.2/cucumber-plugin-6.2.2.jar:/home/admin12/.m2/repository/io/cucumber/docstring/6.2.2/docstring-6.2.2.jar:/home/admin12/.m2/repository/io/cucumber/html-formatter/7.0.0/html-formatter-7.0.0.jar:/home/admin12/.m2/repository/org/apiguardian/apiguardian-api/1.1.0/apiguardian-api-1.1.0.jar:/home/admin12/.m2/repository/io/cucumber/cucumber-java/6.2.2/cucumber-java-6.2.2.jar:/home/admin12/.m2/repository/io/cucumber/cucumber-picocontainer/6.2.2/cucumber-picocontainer-6.2.2.jar:/home/admin12/.m2/repository/org/picocontainer/picocontainer/2.15/picocontainer-2.15.jar:/home/admin12/.m2/repository/io/cucumber/cucumber-testng/6.2.2/cucumber-testng-6.2.2.jar:/home/admin12/.m2/repository/tech/grasshopper/extentreports-cucumber6-adapter/1.2.0/extentreports-cucumber6-adapter-1.2.0.jar:/home/admin12/.m2/repository/com/aventstack/extentreports/4.1.7/extentreports-4.1.7.jar:/home/admin12/.m2/repository/org/apache/httpcomponents/httpmime/4.5.2/httpmime-4.5.2.jar:/home/admin12/.m2/repository/org/mongodb/bson/3.12.0/bson-3.12.0.jar:/home/admin12/.m2/repository/org/mongodb/mongodb-driver/3.3.0/mongodb-driver-3.3.0.jar:/home/admin12/.m2/repository/org/mongodb/mongodb-driver-core/3.3.0/mongodb-driver-core-3.3.0.jar:/home/admin12/.m2/repository/org/seleniumhq/selenium/selenium-chrome-driver/3.141.5/selenium-chrome-driver-3.141.5.jar:/home/admin12/.m2/repository/org/apache/logging/log4j/log4j-api/2.11.1/log4j-api-2.11.1.jar:/home/admin12/.m2/repository/org/apache/logging/log4j/log4j-core/2.11.1/log4j-core-2.11.1.jar:/home/admin12/.m2/repository/log4j/log4j/1.2.16/log4j-1.2.16.jar:/home/admin12/.m2/repository/log4j/apache-log4j-extras/1.2.17/apache-log4j-extras-1.2.17.jar:/home/admin12/.m2/repository/com/google/code/gson/gson/2.8.6/gson-2.8.6.jar:/home/admin12/.m2/repository/com/googlecode/json-simple/json-simple/1.1.1/json-simple-1.1.1.jar:/home/admin12/.m2/repository/junit/junit/4.10/junit-4.10.jar:/home/admin12/.m2/repository/org/hamcrest/hamcrest-core/1.1/hamcrest-core-1.1.jar:/home/admin12/.m2/repository/org/apache/poi/poi/4.0.1/poi-4.0.1.jar:/home/admin12/.m2/repository/commons-codec/commons-codec/1.11/commons-codec-1.11.jar:/home/admin12/.m2/repository/org/apache/commons/commons-collections4/4.2/commons-collections4-4.2.jar:/home/admin12/.m2/repository/org/apache/commons/commons-math3/3.6.1/commons-math3-3.6.1.jar:/home/admin12/.m2/repository/org/apache/poi/poi-ooxml/4.0.1/poi-ooxml-4.0.1.jar:/home/admin12/.m2/repository/org/apache/poi/poi-ooxml-schemas/4.0.1/poi-ooxml-schemas-4.0.1.jar:/home/admin12/.m2/repository/org/apache/xmlbeans/xmlbeans/3.0.2/xmlbeans-3.0.2.jar:/home/admin12/.m2/repository/com/github/virtuald/curvesapi/1.05/curvesapi-1.05.jar:/home/admin12/.m2/repository/javax/activation/activation/1.1.1/activation-1.1.1.jar:/home/admin12/.m2/repository/com/twilio/sdk/twilio/7.30.0/twilio-7.30.0.jar:/home/admin12/.m2/repository/joda-time/joda-time/2.5/joda-time-2.5.jar:/home/admin12/.m2/repository/io/jsonwebtoken/jjwt/0.4/jjwt-0.4.jar:/home/admin12/.m2/repository/org/slf4j/slf4j-api/1.7.6/slf4j-api-1.7.6.jar:/home/admin12/.m2/repository/org/apache/httpcomponents/httpclient/4.5.2/httpclient-4.5.2.jar:/home/admin12/.m2/repository/org/apache/httpcomponents/httpcore/4.4.4/httpcore-4.4.4.jar:/home/admin12/.m2/repository/com/fasterxml/jackson/core/jackson-core/2.8.11/jackson-core-2.8.11.jar:/home/admin12/.m2/repository/com/fasterxml/jackson/core/jackson-annotations/2.8.11/jackson-annotations-2.8.11.jar:/home/admin12/.m2/repository/com/fasterxml/jackson/core/jackson-databind/2.8.11/jackson-databind-2.8.11.jar:/home/admin12/.m2/repository/javax/xml/bind/jaxb-api/2.2/jaxb-api-2.2.jar:/home/admin12/.m2/repository/javax/xml/stream/stax-api/1.0-2/stax-api-1.0-2.jar:/home/admin12/.m2/repository/ru/yandex/qatools/ashot/ashot/1.4.6/ashot-1.4.6.jar:/home/admin12/.m2/repository/org/hamcrest/hamcrest-all/1.3/hamcrest-all-1.3.jar:/home/admin12/.m2/repository/net/sourceforge/tess4j/tess4j/4.1.1/tess4j-4.1.1.jar:/home/admin12/.m2/repository/net/java/dev/jna/jna/4.1.0/jna-4.1.0.jar:/home/admin12/.m2/repository/com/github/jai-imageio/jai-imageio-core/1.4.0/jai-imageio-core-1.4.0.jar:/home/admin12/.m2/repository/org/ghost4j/ghost4j/1.0.1/ghost4j-1.0.1.jar:/home/admin12/.m2/repository/commons-beanutils/commons-beanutils/1.9.2/commons-beanutils-1.9.2.jar:/home/admin12/.m2/repository/org/apache/xmlgraphics/xmlgraphics-commons/1.4/xmlgraphics-commons-1.4.jar:/home/admin12/.m2/repository/com/lowagie/itext/2.1.7/itext-2.1.7.jar:/home/admin12/.m2/repository/org/apache/pdfbox/pdfbox/2.0.11/pdfbox-2.0.11.jar:/home/admin12/.m2/repository/org/apache/pdfbox/fontbox/2.0.11/fontbox-2.0.11.jar:/home/admin12/.m2/repository/org/apache/pdfbox/pdfbox-tools/2.0.11/pdfbox-tools-2.0.11.jar:/home/admin12/.m2/repository/org/apache/pdfbox/pdfbox-debugger/2.0.11/pdfbox-debugger-2.0.11.jar:/home/admin12/.m2/repository/org/apache/pdfbox/jbig2-imageio/3.0.1/jbig2-imageio-3.0.1.jar:/home/admin12/.m2/repository/net/sourceforge/lept4j/lept4j/1.10.0/lept4j-1.10.0.jar:/home/admin12/.m2/repository/org/jboss/jboss-vfs/3.2.12.Final/jboss-vfs-3.2.12.Final.jar:/home/admin12/.m2/repository/org/jboss/logging/jboss-logging/3.1.4.GA/jboss-logging-3.1.4.GA.jar:/home/admin12/.m2/repository/ch/qos/logback/logback-classic/1.2.3/logback-classic-1.2.3.jar:/home/admin12/.m2/repository/ch/qos/logback/logback-core/1.2.3/logback-core-1.2.3.jar:/home/admin12/.m2/repository/org/slf4j/jul-to-slf4j/1.7.25/jul-to-slf4j-1.7.25.jar:/home/admin12/.m2/repository/org/slf4j/jcl-over-slf4j/1.7.25/jcl-over-slf4j-1.7.25.jar:/home/admin12/.m2/repository/org/slf4j/log4j-over-slf4j/1.7.25/log4j-over-slf4j-1.7.25.jar:/home/admin12/.m2/repository/javax/mail/mail/1.4.7/mail-1.4.7.jar:/home/admin12/.m2/repository/com/googlecode/ez-vcard/ez-vcard/0.10.5/ez-vcard-0.10.5.jar:/home/admin12/.m2/repository/com/github/mangstadt/vinnie/2.0.2/vinnie-2.0.2.jar:/home/admin12/.m2/repository/xml-apis/xml-apis/1.4.01/xml-apis-1.4.01.jar:/home/admin12/.m2/repository/com/google/guava/guava/23.0/guava-23.0.jar:/home/admin12/.m2/repository/com/google/code/findbugs/jsr305/1.3.9/jsr305-1.3.9.jar:/home/admin12/.m2/repository/com/google/errorprone/error_prone_annotations/2.0.18/error_prone_annotations-2.0.18.jar:/home/admin12/.m2/repository/com/google/j2objc/j2objc-annotations/1.1/j2objc-annotations-1.1.jar:/home/admin12/.m2/repository/org/codehaus/mojo/animal-sniffer-annotations/1.14/animal-sniffer-annotations-1.14.jar:/home/admin12/.m2/repository/io/appium/java-client/6.1.0/java-client-6.1.0.jar:/home/admin12/.m2/repository/cglib/cglib/3.2.6/cglib-3.2.6.jar:/home/admin12/.m2/repository/org/ow2/asm/asm/6.0/asm-6.0.jar:/home/admin12/.m2/repository/org/apache/ant/ant/1.9.6/ant-1.9.6.jar:/home/admin12/.m2/repository/org/apache/ant/ant-launcher/1.9.6/ant-launcher-1.9.6.jar:/home/admin12/.m2/repository/commons-validator/commons-validator/1.6/commons-validator-1.6.jar:/home/admin12/.m2/repository/commons-digester/commons-digester/1.8.1/commons-digester-1.8.1.jar:/home/admin12/.m2/repository/commons-collections/commons-collections/3.2.2/commons-collections-3.2.2.jar:/home/admin12/.m2/repository/org/apache/commons/commons-lang3/3.7/commons-lang3-3.7.jar:/home/admin12/.m2/repository/org/springframework/spring-context/5.0.5.RELEASE/spring-context-5.0.5.RELEASE.jar:/home/admin12/.m2/repository/org/springframework/spring-aop/5.0.5.RELEASE/spring-aop-5.0.5.RELEASE.jar:/home/admin12/.m2/repository/org/springframework/spring-beans/5.0.5.RELEASE/spring-beans-5.0.5.RELEASE.jar:/home/admin12/.m2/repository/org/springframework/spring-core/5.0.5.RELEASE/spring-core-5.0.5.RELEASE.jar:/home/admin12/.m2/repository/org/springframework/spring-jcl/5.0.5.RELEASE/spring-jcl-5.0.5.RELEASE.jar:/home/admin12/.m2/repository/org/springframework/spring-expression/5.0.5.RELEASE/spring-expression-5.0.5.RELEASE.jar:/home/admin12/.m2/repository/org/aspectj/aspectjweaver/1.9.1/aspectjweaver-1.9.1.jar:/home/admin12/.m2/repository/org/openpnp/opencv/3.2.0-1/opencv-3.2.0-1.jar:/home/admin12/.m2/repository/com/google/android/android/4.0.1.2/android-4.0.1.2.jar:/home/admin12/.m2/repository/commons-logging/commons-logging/1.1.1/commons-logging-1.1.1.jar:/home/admin12/.m2/repository/org/khronos/opengl-api/gl1.1-android-2.1_r1/opengl-api-gl1.1-android-2.1_r1.jar:/home/admin12/.m2/repository/xerces/xmlParserAPIs/2.6.2/xmlParserAPIs-2.6.2.jar:/home/admin12/.m2/repository/xpp3/xpp3/1.1.4c/xpp3-1.1.4c.jar:/home/admin12/.m2/repository/org/json/json/20080701/json-20080701.jar:/home/admin12/.m2/repository/org/freemarker/freemarker/2.3.29/freemarker-2.3.29.jar:/home/admin12/.m2/repository/org/apache/maven/surefire/surefire-testng-utils/2.22.0/surefire-testng-utils-2.22.0.jar:/home/admin12/.m2/repository/org/apache/maven/surefire/surefire-grouper/2.22.0/surefire-grouper-2.22.0.jar:"/>
    <property name="sun.cpu.endian" value="little"/>
    <property name="user.home" value="/home/admin12"/>
    <property name="user.language" value="en"/>
    <property name="java.specification.vendor" value="Oracle Corporation"/>
    <property name="java.home" value="/usr/lib/jvm/java-8-openjdk-amd64/jre"/>
    <property name="basedir" value="/home/admin12/ATT_QE-master"/>
    <property name="file.separator" value="/"/>
    <property name="extent.reporter.html.out" value="test-output/HtmlReport/ExtentHtml.html"/>
    <property name="line.separator" value="&#10;"/>
    <property name="java.vm.specification.vendor" value="Oracle Corporation"/>
    <property name="java.specification.name" value="Java Platform API Specification"/>
    <property name="extent.reporter.html.start" value="true"/>
    <property name="java.awt.graphicsenv" value="sun.awt.X11GraphicsEnvironment"/>
    <property name="surefire.real.class.path" value="/home/admin12/ATT_QE-master/target/surefire/surefirebooter8683833653195718577.jar"/>
    <property name="sun.boot.class.path" value="/usr/lib/jvm/java-8-openjdk-amd64/jre/lib/resources.jar:/usr/lib/jvm/java-8-openjdk-amd64/jre/lib/rt.jar:/usr/lib/jvm/java-8-openjdk-amd64/jre/lib/sunrsasign.jar:/usr/lib/jvm/java-8-openjdk-amd64/jre/lib/jsse.jar:/usr/lib/jvm/java-8-openjdk-amd64/jre/lib/jce.jar:/usr/lib/jvm/java-8-openjdk-amd64/jre/lib/charsets.jar:/usr/lib/jvm/java-8-openjdk-amd64/jre/lib/jfr.jar:/usr/lib/jvm/java-8-openjdk-amd64/jre/classes"/>
    <property name="sun.management.compiler" value="HotSpot 64-Bit Tiered Compilers"/>
    <property name="java.runtime.version" value="1.8.0_272-8u272-b10-0ubuntu1~18.04-b10"/>
    <property name="user.name" value="admin12"/>
    <property name="path.separator" value=":"/>
    <property name="os.version" value="5.4.0-51-generic"/>
    <property name="java.endorsed.dirs" value="/usr/lib/jvm/java-8-openjdk-amd64/jre/lib/endorsed"/>
    <property name="java.runtime.name" value="OpenJDK Runtime Environment"/>
    <property name="file.encoding" value="UTF-8"/>
    <property name="java.vm.name" value="OpenJDK 64-Bit Server VM"/>
    <property name="localRepository" value="/home/admin12/.m2/repository"/>
    <property name="java.vendor.url.bug" value="http://bugreport.sun.com/bugreport/"/>
    <property name="java.io.tmpdir" value="/tmp"/>
    <property name="idea.version" value="2020.2"/>
    <property name="java.version" value="1.8.0_272"/>
    <property name="user.dir" value="/home/admin12/ATT_QE-master"/>
    <property name="os.arch" value="amd64"/>
    <property name="java.vm.specification.name" value="Java Virtual Machine Specification"/>
    <property name="java.awt.printerjob" value="sun.print.PSPrinterJob"/>
    <property name="sun.os.patch.level" value="unknown"/>
    <property name="java.library.path" value="/usr/java/packages/lib/amd64:/usr/lib/x86_64-linux-gnu/jni:/lib/x86_64-linux-gnu:/usr/lib/x86_64-linux-gnu:/usr/lib/jni:/lib:/usr/lib"/>
    <property name="java.vm.info" value="mixed mode"/>
    <property name="java.vendor" value="Private Build"/>
    <property name="java.vm.version" value="25.272-b10"/>
    <property name="java.ext.dirs" value="/usr/lib/jvm/java-8-openjdk-amd64/jre/lib/ext:/usr/java/packages/lib/ext"/>
    <property name="sun.io.unicode.encoding" value="UnicodeLittle"/>
    <property name="java.class.version" value="52.0"/>
  </properties>
  <testcase name="runScenario" classname="runner.TestRunner" time="149.637"/>
</testsuite>