<?xml version="1.0" encoding="UTF-8"?>
<!-- Generated by org.testng.reporters.JUnitReportReporter -->
<testsuite skipped="0" hostname="admin12-Vostro-3446" name="runner.TestRunner" tests="1" failures="0" timestamp="19 Nov 2020 09:48:29 GMT" time="149.635" errors="0">
  <testcase name="runScenario" time="149.635" classname="runner.TestRunner"/>
</testsuite> <!-- runner.TestRunner -->
